{
	"stats": {
		"suites": 1,
		"tests": 1,
		"passes": 1,
		"pending": 0,
		"failures": 0,
		"start": "2023-06-09T07:02:15.595Z",
		"end": "2023-06-09T07:02:15.599Z",
		"duration": 4,
		"testsRegistered": 1,
		"passPercent": 100,
		"pendingPercent": 0,
		"other": 0,
		"hasOther": false,
		"skipped": 0,
		"hasSkipped": false
	},
	"results": [
		{
			"uuid": "f6b0e595-f0f8-48b5-bf99-d9bbd268fe9c",
			"title": "",
			"fullFile": "/Users/ippo254/Documents/resource/store/qks023-ippopay-store-pos-node-api/Test/initTest.js",
			"file": "/Test/initTest.js",
			"beforeHooks": [],
			"afterHooks": [],
			"tests": [],
			"suites": [
				{
					"uuid": "22d1b15a-67df-402e-bf82-9191132af0ee",
					"title": "sample test",
					"fullFile": "/Users/ippo254/Documents/resource/store/qks023-ippopay-store-pos-node-api/Test/initTest.js",
					"file": "/Test/initTest.js",
					"beforeHooks": [],
					"afterHooks": [],
					"tests": [
						{
							"title": "sample test for skip",
							"fullTitle": "sample test sample test for skip",
							"timedOut": false,
							"duration": 1,
							"state": "passed",
							"speed": "fast",
							"pass": true,
							"fail": false,
							"pending": false,
							"context": null,
							"code": "cov_2czy7wyk37().f[1]++;let data=(cov_2czy7wyk37().s[3]++,'hai');cov_2czy7wyk37().s[4]++;Expect(data).to.be.equal('hai');cov_2czy7wyk37().s[5]++;done();",
							"err": {},
							"uuid": "313865eb-e47c-4e6e-9da8-df22c47c4886",
							"parentUUID": "22d1b15a-67df-402e-bf82-9191132af0ee",
							"isHook": false,
							"skipped": false
						}
					],
					"suites": [],
					"passes": ["313865eb-e47c-4e6e-9da8-df22c47c4886"],
					"failures": [],
					"pending": [],
					"skipped": [],
					"duration": 1,
					"root": false,
					"rootEmpty": false,
					"_timeout": 15000
				}
			],
			"passes": [],
			"failures": [],
			"pending": [],
			"skipped": [],
			"duration": 0,
			"root": true,
			"rootEmpty": true,
			"_timeout": 15000
		}
	],
	"meta": {
		"mocha": {
			"version": "10.2.0"
		},
		"mochawesome": {
			"options": {
				"quiet": false,
				"reportFilename": "mochawesome",
				"saveHtml": true,
				"saveJson": true,
				"consoleReporter": "spec",
				"useInlineDiffs": false,
				"code": true
			},
			"version": "7.1.3"
		},
		"marge": {
			"options": {
				"overwrite": "false",
				"reportTitle": "Sptint Zero Unit Test Report",
				"reportFilename: [datetime]/[status]_[datetime]-sprint_zero-report": true,
				"charts": "true",
				"timestamp": "longDate"
			},
			"version": "6.2.0"
		}
	}
}
