{
	"stats": {
		"suites": 1,
		"tests": 1,
		"passes": 0,
		"pending": 0,
		"failures": 1,
		"start": "2023-06-09T06:57:00.415Z",
		"end": "2023-06-09T06:57:00.421Z",
		"duration": 6,
		"testsRegistered": 1,
		"passPercent": 0,
		"pendingPercent": 0,
		"other": 0,
		"hasOther": false,
		"skipped": 0,
		"hasSkipped": false
	},
	"results": [
		{
			"uuid": "4376418a-cc77-4a6d-ac67-3d1ea0658633",
			"title": "",
			"fullFile": "/Users/ippo254/Documents/resource/store/qks023-ippopay-store-pos-node-api/Test/initTest.js",
			"file": "/Test/initTest.js",
			"beforeHooks": [],
			"afterHooks": [],
			"tests": [],
			"suites": [
				{
					"uuid": "136b5628-517d-4dd6-b967-9b322a7937cf",
					"title": "sample test",
					"fullFile": "/Users/ippo254/Documents/resource/store/qks023-ippopay-store-pos-node-api/Test/initTest.js",
					"file": "/Test/initTest.js",
					"beforeHooks": [],
					"afterHooks": [],
					"tests": [
						{
							"title": "sample test for skip",
							"fullTitle": "sample test sample test for skip",
							"timedOut": false,
							"duration": 1,
							"state": "failed",
							"speed": null,
							"pass": false,
							"fail": true,
							"pending": false,
							"context": null,
							"code": "cov_2czy7wyk37().f[1]++;let data=(cov_2czy7wyk37().s[3]++,'hai');cov_2czy7wyk37().s[4]++;Expect(data).to.be.equal('hai');cov_2czy7wyk37().s[5]++;done();",
							"err": {
								"message": "TypeError: Expect is not a function",
								"estack": "TypeError: Expect is not a function\n    at Context.<anonymous> (Test/initTest.js:2:384)\n    at process.processImmediate (node:internal/timers:476:21)",
								"diff": null
							},
							"uuid": "de1e2e24-f778-4fc6-9da7-42c088390791",
							"parentUUID": "136b5628-517d-4dd6-b967-9b322a7937cf",
							"isHook": false,
							"skipped": false
						}
					],
					"suites": [],
					"passes": [],
					"failures": ["de1e2e24-f778-4fc6-9da7-42c088390791"],
					"pending": [],
					"skipped": [],
					"duration": 1,
					"root": false,
					"rootEmpty": false,
					"_timeout": 15000
				}
			],
			"passes": [],
			"failures": [],
			"pending": [],
			"skipped": [],
			"duration": 0,
			"root": true,
			"rootEmpty": true,
			"_timeout": 15000
		}
	],
	"meta": {
		"mocha": {
			"version": "10.2.0"
		},
		"mochawesome": {
			"options": {
				"quiet": false,
				"reportFilename": "mochawesome",
				"saveHtml": true,
				"saveJson": true,
				"consoleReporter": "spec",
				"useInlineDiffs": false,
				"code": true
			},
			"version": "7.1.3"
		},
		"marge": {
			"options": {
				"overwrite": "false",
				"reportTitle": "Sptint Zero Unit Test Report",
				"reportFilename: [datetime]/[status]_[datetime]-sprint_zero-report": true,
				"charts": "true",
				"timestamp": "longDate"
			},
			"version": "6.2.0"
		}
	}
}
